  CIT125_FinalProject_ScrollingFroggerGame.cpp
E:\SPRING 2021\CIT125\CIT125_Final_Game\CIT125_FinalProject_ScrollingFroggerGame\CIT125_FinalProject_ScrollingFroggerGame\CIT125_FinalProject_ScrollingFroggerGame.cpp(125,9): error C2059: syntax error: 'for'
E:\SPRING 2021\CIT125\CIT125_Final_Game\CIT125_FinalProject_ScrollingFroggerGame\CIT125_FinalProject_ScrollingFroggerGame\CIT125_FinalProject_ScrollingFroggerGame.cpp(125,25): error C2065: 'i': undeclared identifier
E:\SPRING 2021\CIT125\CIT125_Final_Game\CIT125_FinalProject_ScrollingFroggerGame\CIT125_FinalProject_ScrollingFroggerGame\CIT125_FinalProject_ScrollingFroggerGame.cpp(125,32): error C2065: 'i': undeclared identifier
E:\SPRING 2021\CIT125\CIT125_Final_Game\CIT125_FinalProject_ScrollingFroggerGame\CIT125_FinalProject_ScrollingFroggerGame\CIT125_FinalProject_ScrollingFroggerGame.cpp(125,35): error C2059: syntax error: ')'
E:\SPRING 2021\CIT125\CIT125_Final_Game\CIT125_FinalProject_ScrollingFroggerGame\CIT125_FinalProject_ScrollingFroggerGame\CIT125_FinalProject_ScrollingFroggerGame.cpp(127,21): error C2065: 'i': undeclared identifier
E:\SPRING 2021\CIT125\CIT125_Final_Game\CIT125_FinalProject_ScrollingFroggerGame\CIT125_FinalProject_ScrollingFroggerGame\CIT125_FinalProject_ScrollingFroggerGame.cpp(127,59): error C2065: 'i': undeclared identifier
E:\SPRING 2021\CIT125\CIT125_Final_Game\CIT125_FinalProject_ScrollingFroggerGame\CIT125_FinalProject_ScrollingFroggerGame\CIT125_FinalProject_ScrollingFroggerGame.cpp(127,61): error C2059: syntax error: ';'
E:\SPRING 2021\CIT125\CIT125_Final_Game\CIT125_FinalProject_ScrollingFroggerGame\CIT125_FinalProject_ScrollingFroggerGame\CIT125_FinalProject_ScrollingFroggerGame.cpp(129,26): error C2065: 'display': undeclared identifier
E:\SPRING 2021\CIT125\CIT125_Final_Game\CIT125_FinalProject_ScrollingFroggerGame\CIT125_FinalProject_ScrollingFroggerGame\CIT125_FinalProject_ScrollingFroggerGame.cpp(135,5): error C2059: syntax error: 'else'
E:\SPRING 2021\CIT125\CIT125_Final_Game\CIT125_FinalProject_ScrollingFroggerGame\CIT125_FinalProject_ScrollingFroggerGame\CIT125_FinalProject_ScrollingFroggerGame.cpp(135,10): error C2143: syntax error: missing ';' before '{'
E:\SPRING 2021\CIT125\CIT125_Final_Game\CIT125_FinalProject_ScrollingFroggerGame\CIT125_FinalProject_ScrollingFroggerGame\CIT125_FinalProject_ScrollingFroggerGame.cpp(135,10): error C2447: '{': missing function header (old-style formal list?)
E:\SPRING 2021\CIT125\CIT125_Final_Game\CIT125_FinalProject_ScrollingFroggerGame\CIT125_FinalProject_ScrollingFroggerGame\CIT125_FinalProject_ScrollingFroggerGame.cpp(140,5): error C2059: syntax error: 'if'
E:\SPRING 2021\CIT125\CIT125_Final_Game\CIT125_FinalProject_ScrollingFroggerGame\CIT125_FinalProject_ScrollingFroggerGame\CIT125_FinalProject_ScrollingFroggerGame.cpp(140,26): error C2143: syntax error: missing ';' before '{'
E:\SPRING 2021\CIT125\CIT125_Final_Game\CIT125_FinalProject_ScrollingFroggerGame\CIT125_FinalProject_ScrollingFroggerGame\CIT125_FinalProject_ScrollingFroggerGame.cpp(140,26): error C2447: '{': missing function header (old-style formal list?)
E:\SPRING 2021\CIT125\CIT125_Final_Game\CIT125_FinalProject_ScrollingFroggerGame\CIT125_FinalProject_ScrollingFroggerGame\CIT125_FinalProject_ScrollingFroggerGame.cpp(164,5): error C2059: syntax error: 'return'
E:\SPRING 2021\CIT125\CIT125_Final_Game\CIT125_FinalProject_ScrollingFroggerGame\CIT125_FinalProject_ScrollingFroggerGame\CIT125_FinalProject_ScrollingFroggerGame.cpp(165,1): error C2059: syntax error: '}'
E:\SPRING 2021\CIT125\CIT125_Final_Game\CIT125_FinalProject_ScrollingFroggerGame\CIT125_FinalProject_ScrollingFroggerGame\CIT125_FinalProject_ScrollingFroggerGame.cpp(165,1): error C2143: syntax error: missing ';' before '}'
E:\SPRING 2021\CIT125\CIT125_Final_Game\CIT125_FinalProject_ScrollingFroggerGame\CIT125_FinalProject_ScrollingFroggerGame\CIT125_FinalProject_ScrollingFroggerGame.cpp(168,70): error C2143: syntax error: missing ';' before '{'
E:\SPRING 2021\CIT125\CIT125_Final_Game\CIT125_FinalProject_ScrollingFroggerGame\CIT125_FinalProject_ScrollingFroggerGame\CIT125_FinalProject_ScrollingFroggerGame.cpp(168,70): error C2447: '{': missing function header (old-style formal list?)
E:\SPRING 2021\CIT125\CIT125_Final_Game\CIT125_FinalProject_ScrollingFroggerGame\CIT125_FinalProject_ScrollingFroggerGame\CIT125_FinalProject_ScrollingFroggerGame.cpp(225,23): warning C4018: '<': signed/unsigned mismatch
